# JRE version: Java(TM) SE Runtime Environment (8.0_20-b22) (build 1.8.0_20-ea-b22)
# Java VM: Java HotSpot(TM) 64-Bit Server VM (25.20-b21 mixed mode bsd-amd64 compressed oops)
Heap:
 PSYoungGen      total 597504K, used 111390K [0x000000076ab00000, 0x0000000793d00000, 0x00000007c0000000)
  eden space 567808K, 15% used [0x000000076ab00000,0x000000076fff24c8,0x000000078d580000)
  from space 29696K, 82% used [0x000000078f580000,0x0000000790d55710,0x0000000791280000)
  to   space 32768K, 0% used [0x000000078d580000,0x000000078d580000,0x000000078f580000)
 ParOldGen       total 180224K, used 55318K [0x00000006c0000000, 0x00000006cb000000, 0x000000076ab00000)
  object space 180224K, 30% used [0x00000006c0000000,0x00000006c3605a30,0x00000006cb000000)
 Metaspace       used 38622K, capacity 47174K, committed 47408K, reserved 1085440K
  class space    used 7736K, capacity 10461K, committed 10544K, reserved 1048576K
GC Heap History (10 events):
Event: 4.607 GC heap before
{Heap before GC invocations=12 (full 1):
 PSYoungGen      total 337920K, used 275473K [0x000000076ab00000, 0x0000000780600000, 0x00000007c0000000)
  eden space 327168K, 81% used [0x000000076ab00000,0x000000077b0a0400,0x000000077ea80000)
  from space 10752K, 70% used [0x000000077f500000,0x000000077fc64010,0x000000077ff80000)
  to   space 10752K, 0% used [0x000000077ea80000,0x000000077ea80000,0x000000077f500000)
 ParOldGen       total 108544K, used 10420K [0x00000006c0000000, 0x00000006c6a00000, 0x000000076ab00000)
  object space 108544K, 9% used [0x00000006c0000000,0x00000006c0a2d288,0x00000006c6a00000)
 Metaspace       used 30768K, capacity 35360K, committed 35496K, reserved 1077248K
  class space    used 5806K, capacity 7392K, committed 7472K, reserved 1048576K
Event: 4.627 GC heap after
Heap after GC invocations=12 (full 1):
 PSYoungGen      total 337920K, used 10720K [0x000000076ab00000, 0x000000078a400000, 0x00000007c0000000)
  eden space 327168K, 0% used [0x000000076ab00000,0x000000076ab00000,0x000000077ea80000)
  from space 10752K, 99% used [0x000000077ea80000,0x000000077f4f81d8,0x000000077f500000)
  to   space 15872K, 0% used [0x0000000789480000,0x0000000789480000,0x000000078a400000)
 ParOldGen       total 108544K, used 20516K [0x00000006c0000000, 0x00000006c6a00000, 0x000000076ab00000)
  object space 108544K, 18% used [0x00000006c0000000,0x00000006c1409068,0x00000006c6a00000)
 Metaspace       used 30768K, capacity 35360K, committed 35496K, reserved 1077248K
  class space    used 5806K, capacity 7392K, committed 7472K, reserved 1048576K
}
Event: 4.627 GC heap before
{Heap before GC invocations=13 (full 2):
 PSYoungGen      total 337920K, used 10720K [0x000000076ab00000, 0x000000078a400000, 0x00000007c0000000)
  eden space 327168K, 0% used [0x000000076ab00000,0x000000076ab00000,0x000000077ea80000)
  from space 10752K, 99% used [0x000000077ea80000,0x000000077f4f81d8,0x000000077f500000)
  to   space 15872K, 0% used [0x0000000789480000,0x0000000789480000,0x000000078a400000)
 ParOldGen       total 108544K, used 20516K [0x00000006c0000000, 0x00000006c6a00000, 0x000000076ab00000)
  object space 108544K, 18% used [0x00000006c0000000,0x00000006c1409068,0x00000006c6a00000)
 Metaspace       used 30768K, capacity 35360K, committed 35496K, reserved 1077248K
  class space    used 5806K, capacity 7392K, committed 7472K, reserved 1048576K
Event: 4.822 GC heap after
Heap after GC invocations=13 (full 2):
 PSYoungGen      total 337920K, used 0K [0x000000076ab00000, 0x000000078a400000, 0x00000007c0000000)
  eden space 327168K, 0% used [0x000000076ab00000,0x000000076ab00000,0x000000077ea80000)
  from space 10752K, 0% used [0x000000077ea80000,0x000000077ea80000,0x000000077f500000)
  to   space 15872K, 0% used [0x0000000789480000,0x0000000789480000,0x000000078a400000)
 ParOldGen       total 180224K, used 30468K [0x00000006c0000000, 0x00000006cb000000, 0x000000076ab00000)
  object space 180224K, 16% used [0x00000006c0000000,0x00000006c1dc1088,0x00000006cb000000)
 Metaspace       used 30759K, capacity 35342K, committed 35496K, reserved 1077248K
  class space    used 5802K, capacity 7386K, committed 7472K, reserved 1048576K
}
Event: 5.722 GC heap before
{Heap before GC invocations=14 (full 2):
 PSYoungGen      total 337920K, used 327168K [0x000000076ab00000, 0x000000078a400000, 0x00000007c0000000)
  eden space 327168K, 100% used [0x000000076ab00000,0x000000077ea80000,0x000000077ea80000)
  from space 10752K, 0% used [0x000000077ea80000,0x000000077ea80000,0x000000077f500000)
  to   space 15872K, 0% used [0x0000000789480000,0x0000000789480000,0x000000078a400000)
 ParOldGen       total 180224K, used 30468K [0x00000006c0000000, 0x00000006cb000000, 0x000000076ab00000)
  object space 180224K, 16% used [0x00000006c0000000,0x00000006c1dc1088,0x00000006cb000000)
 Metaspace       used 34351K, capacity 39576K, committed 39856K, reserved 1081344K
  class space    used 6509K, capacity 8243K, committed 8368K, reserved 1048576K
Event: 5.750 GC heap after
Heap after GC invocations=14 (full 2):
 PSYoungGen      total 448000K, used 15856K [0x000000076ab00000, 0x000000078a400000, 0x00000007c0000000)
  eden space 432128K, 0% used [0x000000076ab00000,0x000000076ab00000,0x0000000785100000)
  from space 15872K, 99% used [0x0000000789480000,0x000000078a3fc0a0,0x000000078a400000)
  to   space 20480K, 0% used [0x0000000787c00000,0x0000000787c00000,0x0000000789000000)
 ParOldGen       total 180224K, used 36271K [0x00000006c0000000, 0x00000006cb000000, 0x000000076ab00000)
  object space 180224K, 20% used [0x00000006c0000000,0x00000006c236be90,0x00000006cb000000)
 Metaspace       used 34351K, capacity 39576K, committed 39856K, reserved 1081344K
  class space    used 6509K, capacity 8243K, committed 8368K, reserved 1048576K
}
Event: 6.624 GC heap before
{Heap before GC invocations=15 (full 2):
 PSYoungGen      total 448000K, used 447984K [0x000000076ab00000, 0x000000078a400000, 0x00000007c0000000)
  eden space 432128K, 100% used [0x000000076ab00000,0x0000000785100000,0x0000000785100000)
  from space 15872K, 99% used [0x0000000789480000,0x000000078a3fc0a0,0x000000078a400000)
  to   space 20480K, 0% used [0x0000000787c00000,0x0000000787c00000,0x0000000789000000)
 ParOldGen       total 180224K, used 36271K [0x00000006c0000000, 0x00000006cb000000, 0x000000076ab00000)
  object space 180224K, 20% used [0x00000006c0000000,0x00000006c236be90,0x00000006cb000000)
 Metaspace       used 34576K, capacity 39832K, committed 40112K, reserved 1081344K
  class space    used 6519K, capacity 8243K, committed 8368K, reserved 1048576K
Event: 6.679 GC heap after
Heap after GC invocations=15 (full 2):
 PSYoungGen      total 496640K, used 20459K [0x000000076ab00000, 0x0000000791280000, 0x00000007c0000000)
  eden space 476160K, 0% used [0x000000076ab00000,0x000000076ab00000,0x0000000787c00000)
  from space 20480K, 99% used [0x0000000787c00000,0x0000000788ffae98,0x0000000789000000)
  to   space 29696K, 0% used [0x000000078f580000,0x000000078f580000,0x0000000791280000)
 ParOldGen       total 180224K, used 52679K [0x00000006c0000000, 0x00000006cb000000, 0x000000076ab00000)
  object space 180224K, 29% used [0x00000006c0000000,0x00000006c3371db8,0x00000006cb000000)
 Metaspace       used 34576K, capacity 39832K, committed 40112K, reserved 1081344K
  class space    used 6519K, capacity 8243K, committed 8368K, reserved 1048576K
}
Event: 280.094 GC heap before
{Heap before GC invocations=16 (full 2):
 PSYoungGen      total 496640K, used 496619K [0x000000076ab00000, 0x0000000791280000, 0x00000007c0000000)
  eden space 476160K, 100% used [0x000000076ab00000,0x0000000787c00000,0x0000000787c00000)
  from space 20480K, 99% used [0x0000000787c00000,0x0000000788ffae98,0x0000000789000000)
  to   space 29696K, 0% used [0x000000078f580000,0x000000078f580000,0x0000000791280000)
 ParOldGen       total 180224K, used 52679K [0x00000006c0000000, 0x00000006cb000000, 0x000000076ab00000)
  object space 180224K, 29% used [0x00000006c0000000,0x00000006c3371db8,0x00000006cb000000)
 Metaspace       used 36756K, capacity 44180K, committed 44208K, reserved 1083392K
  class space    used 7263K, capacity 9635K, committed 9648K, reserved 1048576K
Event: 280.132 GC heap after
Heap after GC invocations=16 (full 2):
 PSYoungGen      total 597504K, used 24405K [0x000000076ab00000, 0x0000000793d00000, 0x00000007c0000000)
  eden space 567808K, 0% used [0x000000076ab00000,0x000000076ab00000,0x000000078d580000)
  from space 29696K, 82% used [0x000000078f580000,0x0000000790d55710,0x0000000791280000)
  to   space 32768K, 0% used [0x000000078d580000,0x000000078d580000,0x000000078f580000)
 ParOldGen       total 180224K, used 55318K [0x00000006c0000000, 0x00000006cb000000, 0x000000076ab00000)
  object space 180224K, 30% used [0x00000006c0000000,0x00000006c3605a30,0x00000006cb000000)
 Metaspace       used 36756K, capacity 44180K, committed 44208K, reserved 1083392K
  class space    used 7263K, capacity 9635K, committed 9648K, reserved 1048576K
}

